Arguments: 
  D:\Program Files\nodejs\node.exe D:\Program Files\nodejs\node_global\node_modules\yarn\bin\yarn.js start

PATH: 
  C:\ProgramData\Oracle\Java\javapath;C:\Program Files (x86)\Intel\iCLS Client\;C:\Program Files\Intel\iCLS Client\;C:\WINDOWS\system32;C:\WINDOWS;C:\WINDOWS\System32\Wbem;C:\WINDOWS\System32\WindowsPowerShell\v1.0\;C:\Program Files (x86)\Intel\Intel(R) Management Engine Components\DAL;C:\Program Files\Intel\Intel(R) Management Engine Components\DAL;C:\Program Files (x86)\Intel\Intel(R) Management Engine Components\IPT;C:\Program Files\Intel\Intel(R) Management Engine Components\IPT;C:\Program Files (x86)\ATI Technologies\ATI.ACE\Core-Static;E:\SVN\bin;C:\Program Files\Java\jdk1.8.0_121\bin;C:\Program Files\Java\jdk1.8.0_121\jre\bin;E:\Program Files\Tencent\QQ\Bin;C:\Program Files\Intel\WiFi\bin\;C:\Program Files\Common Files\Intel\WirelessCommon\;D:\Program Files\nodejs\;C:\Users\fuguxu\AppData\Local\Microsoft\WindowsApps;D:\Program Files\nodejs\node_global;d:\Program Files\Microsoft VS Code\bin;D:\Git\cmd;C:\Users\fuguxu\AppData\Roaming\npm

Yarn version: 
  1.5.1

Node version: 
  8.1.2

Platform: 
  win32 x64

npm manifest: 
  {
    "name": "zlf",
    "version": "1.0.0",
    "description": "租立方",
    "main": "index.js",
    "scripts": {
      "start": "cross-env NODE_ENV=dev  webpack-dev-server --mode development --host 0.0.0.0 --config webpack.dev.config.js --progress --colors --inline",
      "prod": "cross-env NODE_ENV=pro webpack --mode production --config webpack.pro.config.js --progress --colors",
      "test": "echo \"Error: no test specified\" && exit 1"
    },
    "repository": {
      "type": "git",
      "url": "git@github.com:fuguxu/zlf.git"
    },
    "keywords": [],
    "author": "",
    "license": "ISC",
    "dependencies": {
      "axios": "^0.16.2",
      "element-ui": "^2.3.2",
      "underscore": "^1.8.3",
      "vue": "^2.4.4",
      "vue-router": "^2.7.0"
    },
    "devDependencies": {
      "autoprefixer": "^7.1.4",
      "babel-core": "^6.26.0",
      "babel-loader": "^7.1.2",
      "babel-preset-es2015": "^6.24.1",
      "babel-preset-stage-0": "^6.24.1",
      "clean-webpack-plugin": "^0.1.16",
      "colors": "^1.1.2",
      "copy-webpack-plugin": "^4.3.1",
      "cross-env": "^5.0.5",
      "css-hot-loader": "^1.3.1",
      "css-loader": "^0.28.7",
      "es6-promise": "^4.1.1",
      "extract-text-webpack-plugin": "^3.0.0",
      "file-loader": "^0.11.2",
      "glob": "^7.1.2",
      "html-loader": "^0.5.1",
      "html-webpack-plugin": "^2.30.1",
      "node-sass": "^4.5.3",
      "open-browser-webpack-plugin": "^0.0.5",
      "optimize-css-assets-webpack-plugin": "^3.2.0",
      "postcss-loader": "^2.0.6",
      "sass-loader": "^6.0.6",
      "style-loader": "^0.18.2",
      "url-loader": "^0.5.9",
      "vue-loader": "^13.0.5",
      "vue-style-loader": "^3.0.3",
      "vue-template-compiler": "^2.4.4",
      "webpack": "^4.4.1",
      "webpack-cli": "^2.0.13",
      "webpack-dev-server": "^3.1.1"
    }
  }

yarn manifest: 
  No manifest

Lockfile: 
  No lockfile

Trace: 
  Error: Command failed.
  Exit code: 1
  Command: C:\WINDOWS\system32\cmd.exe
  Arguments: /d /s /c cross-env NODE_ENV=dev  webpack-dev-server --mode development --host 0.0.0.0 --config webpack.dev.config.js --progress --colors --inline
  Directory: D:\ZLF\user_web\zlf
  Output:
  
      at ProcessTermError.MessageError (D:\Program Files\nodejs\node_global\node_modules\yarn\lib\cli.js:186:110)
      at new ProcessTermError (D:\Program Files\nodejs\node_global\node_modules\yarn\lib\cli.js:226:113)
      at ChildProcess.<anonymous> (D:\Program Files\nodejs\node_global\node_modules\yarn\lib\cli.js:30281:17)
      at emitTwo (events.js:125:13)
      at ChildProcess.emit (events.js:213:7)
      at maybeClose (internal/child_process.js:897:16)
      at Process.ChildProcess._handle.onexit (internal/child_process.js:208:5)
